Arguments: 
  /home/tom/.nvm/versions/node/v18.16.0/bin/node /home/tom/.nvm/versions/node/v18.16.0/bin/yarn add -D esbuild@0.24.0

PATH: 
  /home/tom/go/bin:/usr/local/go/bin:/home/tom/.phpenv/bin:/home/tom/.phpenv/shims:/home/tom/.nvm/versions/node/v18.16.0/bin:/home/tom/.composer/vendor/bin:/home/tom/bin:/usr/local/bin:/usr/bin:/home/tom/.local/bin:/home/tom/.yarn/bin:/home/tom/.local/bin:/usr/local/sbin:/usr/local/bin:/usr/sbin:/usr/bin:/sbin:/bin:/usr/games:/usr/local/games:/snap/bin:/snap/bin:/usr/local/go/bin:/home/tom/.local/share/JetBrains/Toolbox/scripts:/home/tom/Library/Python/3.9/bin:/home/tom/.fzf/bin:/usr/local/go/bin

Yarn version: 
  1.22.19

Node version: 
  18.16.0

Platform: 
  linux x64

Trace: 
  Error: read ECONNRESET
      at TLSWrap.onStreamRead (node:internal/stream_base_commons:217:20)

npm manifest: 
  {
    "name": "my-octokit-extension",
    "private": true,
    "version": "0.0.0",
    "type": "module",
    "scripts": {
      "dev": "vite",
      "build": "vite build",
      "preview": "vite preview"
    },
    "devDependencies": {
      "vite": "^6.0.3"
    },
    "resolutions": {
      "esbuild": "0.24.0"
    }
  }

yarn manifest: 
  No manifest

Lockfile: 
  # THIS IS AN AUTOGENERATED FILE. DO NOT EDIT THIS FILE DIRECTLY.
  # yarn lockfile v1
  
  
  "@esbuild/aix-ppc64@0.24.1":
    version "0.24.1"
    resolved "https://registry.openticket.tech/@esbuild%2faix-ppc64/-/aix-ppc64-0.24.1.tgz#6c744c62a8a0255c3702c3e18fdb02415b4c03ea"
    integrity sha512-rHKbvBIQEe46PUybicWHsWmStdB3fvHi7CKa36Ip6xUqEr61BmGcnrYohXRNswU9zP/okYLXMzIW6D0neeNv6Q==
  
  "@esbuild/android-arm64@0.24.1":
    version "0.24.1"
    resolved "https://registry.openticket.tech/@esbuild%2fandroid-arm64/-/android-arm64-0.24.1.tgz#415f8b7951bfd679a386c548155444ee1bd86e04"
    integrity sha512-0jrWbRDWSPNSmt0HDp4qhWHeL69BL3YSSCGlwNn4logcOijz7nLMsHLT1g5Kb9A8T3dCjX+5qekr5zkH+gbqxQ==
  
  "@esbuild/android-arm@0.24.1":
    version "0.24.1"
    resolved "https://registry.openticket.tech/@esbuild%2fandroid-arm/-/android-arm-0.24.1.tgz#db64da18f4be8180e2acb4c2ba8aa44dc04c39bf"
    integrity sha512-gKHsqtULVpVfsffGLaU/W4Jx+DLU8BLOQtvBrg+R22tz422VMgBK5moQ/ELDTRPR7Tqt9gLNk13XlvOFinXSzQ==
  
  "@esbuild/android-x64@0.24.1":
    version "0.24.1"
    resolved "https://registry.openticket.tech/@esbuild%2fandroid-x64/-/android-x64-0.24.1.tgz#033ad3a8ee7c2277df2f6022e7fd5c46b74ace19"
    integrity sha512-FafSki3AkovwnU7zSMDyMKP93Fre1E+c7/mVErP46Y+63RiU2fvKekgpMuLkABDGLGahB/DD0PkPm0YAINmH0Q==
  
  "@esbuild/darwin-arm64@0.24.1":
    version "0.24.1"
    resolved "https://registry.openticket.tech/@esbuild%2fdarwin-arm64/-/darwin-arm64-0.24.1.tgz#ec48baaf74657955f68e721e166580aa930009d3"
    integrity sha512-hJU5uPOQ0SBZ+0OZVx9dkpNyS0Cj1O7sjmqFMeQdp5ATYzCHhMD0CREHgq59eB0AFtCYDBoNcZXNJPwEZ/XDpA==
  
  "@esbuild/darwin-x64@0.24.1":
    version "0.24.1"
    resolved "https://registry.openticket.tech/@esbuild%2fdarwin-x64/-/darwin-x64-0.24.1.tgz#c8350c72d53fb118fbc08984b44b93ed207a63f0"
    integrity sha512-siNAX65WSBKU7c+XJEKByMruE/JsHY9HU+n5BIMiNlo5axVbWwGXN4HhJQzOlY4TtOwSt3LRbS0zuI5SOjgoyg==
  
  "@esbuild/freebsd-arm64@0.24.1":
    version "0.24.1"
    resolved "https://registry.openticket.tech/@esbuild%2ffreebsd-arm64/-/freebsd-arm64-0.24.1.tgz#e7af88b49d4fab4ff195a994746c196eb43a65f4"
    integrity sha512-Kkl8APGvkp1S1g9tttiicChe49p+A3198sISIVcUGECqDPFXk9hSmVrUmaoCZWKo/zGK9TgLczLRLXduuhLplw==
  
  "@esbuild/freebsd-x64@0.24.1":
    version "0.24.1"
    resolved "https://registry.openticket.tech/@esbuild%2ffreebsd-x64/-/freebsd-x64-0.24.1.tgz#92829d867397cdd2b2712263f645ead20e2db912"
    integrity sha512-7hm+A84yjna/LTVLad+8iG5cB/Ik+M/ekSrN4ALs9GolbwcyvtjSD+xoPhFFAg8D7xVu0JdDIoNNZ6+KWLcPoQ==
  
  "@esbuild/linux-arm64@0.24.1":
    version "0.24.1"
    resolved "https://registry.openticket.tech/@esbuild%2flinux-arm64/-/linux-arm64-0.24.1.tgz#0901ffe1361a2282063239ac2da2578d2c97d7e2"
    integrity sha512-hjv91wG/3V8oKFa6yAew5wFYc+8usgOL/VH6cNEqFtqpWf8RDmwMIRnTmqwxGJ9/9H5ib3KZfgcIgYwoX7F9VQ==
  
  "@esbuild/linux-arm@0.24.1":
    version "0.24.1"
    resolved "https://registry.openticket.tech/@esbuild%2flinux-arm/-/linux-arm-0.24.1.tgz#d69a209b1549a95db0770a6e5f5631c61572803d"
    integrity sha512-USovmgDDpiWs16nRCH/NmRfQUJEaGGDPHqK6+pGzuMZOfoe0MAciJRMu1AKP3Ky4gnpuQcXv7aPHpX0IwLWRhA==
  
  "@esbuild/linux-ia32@0.24.1":
    version "0.24.1"
    resolved "https://registry.openticket.tech/@esbuild%2flinux-ia32/-/linux-ia32-0.24.1.tgz#9ab1765b837e53acbe1799c784e17996506ed1e6"
    integrity sha512-TwspFcPJpYyBqDcoqSLBBaoGRGiPWkjH5V4raiFQ6maAkBho/rfQvtVpNPkLHEwnPlVSdl4HkHZ3n7NvvtU10w==
  
  "@esbuild/linux-loong64@0.24.1":
    version "0.24.1"
    resolved "https://registry.openticket.tech/@esbuild%2flinux-loong64/-/linux-loong64-0.24.1.tgz#c5fd74a7a4a4f1c21e295a06e9675415d1a1f386"
    integrity sha512-BS3gcpF33m9hiVFeMCF2+LTdkEr/JljXZGQrlR0Bb7B3pn+uQrAJebclIGar+r8BDJ2yvX9bN4GmMPIKdS20EA==
  
  "@esbuild/linux-mips64el@0.24.1":
    version "0.24.1"
    resolved "https://registry.openticket.tech/@esbuild%2flinux-mips64el/-/linux-mips64el-0.24.1.tgz#e875a73cb836e82e167346545a3a62fd031c222b"
    integrity sha512-X35vI7EufAX17Nqo6XoD89/HSlPJUB5zJ1UKeTiGOLXpOaz7zo+t1trSQOoq2Gr8usOX++S77VUw6L2wTMc2cA==
  
  "@esbuild/linux-ppc64@0.24.1":
    version "0.24.1"
    resolved "https://registry.openticket.tech/@esbuild%2flinux-ppc64/-/linux-ppc64-0.24.1.tgz#261c3ac86b75940e4b0e81e9676cbdb59b60a176"
    integrity sha512-I+XQCBhTIXKqyLFDcyMP9Dp0u0fx2TiH3BTh4iIg58/a5hmS3l3Yr2AHG8gEsmjUA7WGfKy2ZqxsaVud15iI1w==
  
  "@esbuild/linux-riscv64@0.24.1":
    version "0.24.1"
    resolved "https://registry.openticket.tech/@esbuild%2flinux-riscv64/-/linux-riscv64-0.24.1.tgz#600e64c39f47411486ae53cb8a4da63594a0dcb0"
    integrity sha512-wK7f0cK/Mq2x42ImYAr+OWzyv4OQUQj/RcKvbxcEoe46LFCa4w08Cqow9zX8vN9SE8BScm4NGYT7CO0G8UBrTA==
  
  "@esbuild/linux-s390x@0.24.1":
    version "0.24.1"
    resolved "https://registry.openticket.tech/@esbuild%2flinux-s390x/-/linux-s390x-0.24.1.tgz#b210628db31d5712e2ee4536d4f133d0f650253a"
    integrity sha512-47oImRwZavr5qEvEHNPcdly8LuFp3i4xrqT9mNbUn4ZKbwyegVp10k1E1YARiOim8ggfPAPABhPqXdS1NJOAnw==
  
  "@esbuild/linux-x64@0.24.1":
    version "0.24.1"
    resolved "https://registry.openticket.tech/@esbuild%2flinux-x64/-/linux-x64-0.24.1.tgz#04d4adc0589e48aecd113c98b43da339b899df96"
    integrity sha512-8qkGHVK1hH819iH7c9OsQsfUhJ0cgznoGT6vHRNxvNFPhcn0Y7HXLS0ndpY1sUkSM+umIdknz6vEqgPk6pbyIA==
  
  "@esbuild/netbsd-arm64@0.24.1":
    version "0.24.1"
    resolved "https://registry.openticket.tech/@esbuild%2fnetbsd-arm64/-/netbsd-arm64-0.24.1.tgz#03d24e0aa8e29b97d279a5599dc7a8c62e1b981b"
    integrity sha512-lH+bWKi8aCvlDu0vDVcZV4ENiHjVus3SQFueeydJ/mSfKywQ3LnbSjJ8PUgj+3dllq1OTFCGgh+x/14hrULVrg==
  
  "@esbuild/netbsd-x64@0.24.1":
    version "0.24.1"
    resolved "https://registry.openticket.tech/@esbuild%2fnetbsd-x64/-/netbsd-x64-0.24.1.tgz#b76ca03f77bdf9716216f486b412acf6a16af555"
    integrity sha512-OdjqCVKtJuxRk9gPit/iI4/wSCGOnCcuPkgkT8Pt+0vM63QUOBd5oNX2umXUBr4bYTpSCL/aGxrAb3qENcqA4g==
  
  "@esbuild/openbsd-arm64@0.24.1":
    version "0.24.1"
    resolved "https://registry.openticket.tech/@esbuild%2fopenbsd-arm64/-/openbsd-arm64-0.24.1.tgz#117fe1658cab3f2b42c10ed1fae908f571acf4af"
    integrity sha512-wy2psEw0wc+xbSB4Et3XZaONClCagOlQTsqRJaLtCcPggnuZMfb17c5T5w6RO6pFF5J2SWoM7+MJuWUEzvQN+Q==
  
  "@esbuild/openbsd-x64@0.24.1":
    version "0.24.1"
    resolved "https://registry.openticket.tech/@esbuild%2fopenbsd-x64/-/openbsd-x64-0.24.1.tgz#151910da3437f290cca8b74d042fb496c0ab79a0"
    integrity sha512-GClG42X5JYHoQU5Jry0u+uN2vmKOwrifl10IvDBXtkxyGr9oqOJyrd2U+H2ZoZGNIt21d7WcVJJmJq3I3fl+5g==
  
  "@esbuild/sunos-x64@0.24.1":
    version "0.24.1"
    resolved "https://registry.openticket.tech/@esbuild%2fsunos-x64/-/sunos-x64-0.24.1.tgz#a6e3b3ff72ab74555626a2f44e27ce300f6a2d5e"
    integrity sha512-a0VfBsFPrlFKxzXuJ4nP0ia3jEbzBk/JW2wEW44dwr0RDOr/Y1+d+EJgT6L3h8y9X8ctig7ks0rWlbjkPn6PcA==
  
  "@esbuild/win32-arm64@0.24.1":
    version "0.24.1"
    resolved "https://registry.openticket.tech/@esbuild%2fwin32-arm64/-/win32-arm64-0.24.1.tgz#a2b6216c6e6915ba71afed29c354cf8b0ad11df0"
    integrity sha512-HqeXG1ttUnENzcGlPr0ouQHk8PQIoWi3thXElmafH1pVxC94sYdBVQregb2Qz7l1BmooUIOnzCGPCT4Oma0yTg==
  
  "@esbuild/win32-ia32@0.24.1":
    version "0.24.1"
    resolved "https://registry.openticket.tech/@esbuild%2fwin32-ia32/-/win32-ia32-0.24.1.tgz#82f4e6ae61b2cee14058b64cdbf2fc8b47ce4a43"
    integrity sha512-uA0iNg5jSy9XMiugX8Qtm3p9uUl9hi4JbOY18KnFBNTB+GsfJIWrDpE1cRFZrSHePiZs9cAwnprILpAKJWuYig==
  
  "@esbuild/win32-x64@0.24.1":
    version "0.24.1"
    resolved "https://registry.openticket.tech/@esbuild%2fwin32-x64/-/win32-x64-0.24.1.tgz#91ce1b1b64eed94ff37d4cafdcf0067e7488cbd5"
    integrity sha512-wekV0z60AyaD8yYgRtxckqvGzzVaQmQRAhNrR352KzXLfhc4peh3UBMMmtYHbOqml6KblKy7oihC1eaZS68vRw==
  
  "@rollup/rollup-android-arm-eabi@4.28.1":
    version "4.28.1"
    resolved "https://registry.openticket.tech/@rollup%2frollup-android-arm-eabi/-/rollup-android-arm-eabi-4.28.1.tgz#7f4c4d8cd5ccab6e95d6750dbe00321c1f30791e"
    integrity sha512-2aZp8AES04KI2dy3Ss6/MDjXbwBzj+i0GqKtWXgw2/Ma6E4jJvujryO6gJAghIRVz7Vwr9Gtl/8na3nDUKpraQ==
  
  "@rollup/rollup-android-arm64@4.28.1":
    version "4.28.1"
    resolved "https://registry.openticket.tech/@rollup%2frollup-android-arm64/-/rollup-android-arm64-4.28.1.tgz#17ea71695fb1518c2c324badbe431a0bd1879f2d"
    integrity sha512-EbkK285O+1YMrg57xVA+Dp0tDBRB93/BZKph9XhMjezf6F4TpYjaUSuPt5J0fZXlSag0LmZAsTmdGGqPp4pQFA==
  
  "@rollup/rollup-darwin-arm64@4.28.1":
    version "4.28.1"
    resolved "https://registry.openticket.tech/@rollup%2frollup-darwin-arm64/-/rollup-darwin-arm64-4.28.1.tgz#dac0f0d0cfa73e7d5225ae6d303c13c8979e7999"
    integrity sha512-prduvrMKU6NzMq6nxzQw445zXgaDBbMQvmKSJaxpaZ5R1QDM8w+eGxo6Y/jhT/cLoCvnZI42oEqf9KQNYz1fqQ==
  
  "@rollup/rollup-darwin-x64@4.28.1":
    version "4.28.1"
    resolved "https://registry.openticket.tech/@rollup%2frollup-darwin-x64/-/rollup-darwin-x64-4.28.1.tgz#8f63baa1d31784904a380d2e293fa1ddf53dd4a2"
    integrity sha512-WsvbOunsUk0wccO/TV4o7IKgloJ942hVFK1CLatwv6TJspcCZb9umQkPdvB7FihmdxgaKR5JyxDjWpCOp4uZlQ==
  
  "@rollup/rollup-freebsd-arm64@4.28.1":
    version "4.28.1"
    resolved "https://registry.openticket.tech/@rollup%2frollup-freebsd-arm64/-/rollup-freebsd-arm64-4.28.1.tgz#30ed247e0df6e8858cdc6ae4090e12dbeb8ce946"
    integrity sha512-HTDPdY1caUcU4qK23FeeGxCdJF64cKkqajU0iBnTVxS8F7H/7BewvYoG+va1KPSL63kQ1PGNyiwKOfReavzvNA==
  
  "@rollup/rollup-freebsd-x64@4.28.1":
    version "4.28.1"
    resolved "https://registry.openticket.tech/@rollup%2frollup-freebsd-x64/-/rollup-freebsd-x64-4.28.1.tgz#57846f382fddbb508412ae07855b8a04c8f56282"
    integrity sha512-m/uYasxkUevcFTeRSM9TeLyPe2QDuqtjkeoTpP9SW0XxUWfcYrGDMkO/m2tTw+4NMAF9P2fU3Mw4ahNvo7QmsQ==
  
  "@rollup/rollup-linux-arm-gnueabihf@4.28.1":
    version "4.28.1"
    resolved "https://registry.openticket.tech/@rollup%2frollup-linux-arm-gnueabihf/-/rollup-linux-arm-gnueabihf-4.28.1.tgz#378ca666c9dae5e6f94d1d351e7497c176e9b6df"
    integrity sha512-QAg11ZIt6mcmzpNE6JZBpKfJaKkqTm1A9+y9O+frdZJEuhQxiugM05gnCWiANHj4RmbgeVJpTdmKRmH/a+0QbA==
  
  "@rollup/rollup-linux-arm-musleabihf@4.28.1":
    version "4.28.1"
    resolved "https://registry.openticket.tech/@rollup%2frollup-linux-arm-musleabihf/-/rollup-linux-arm-musleabihf-4.28.1.tgz#a692eff3bab330d5c33a5d5813a090c15374cddb"
    integrity sha512-dRP9PEBfolq1dmMcFqbEPSd9VlRuVWEGSmbxVEfiq2cs2jlZAl0YNxFzAQS2OrQmsLBLAATDMb3Z6MFv5vOcXg==
  
  "@rollup/rollup-linux-arm64-gnu@4.28.1":
    version "4.28.1"
    resolved "https://registry.openticket.tech/@rollup%2frollup-linux-arm64-gnu/-/rollup-linux-arm64-gnu-4.28.1.tgz#6b1719b76088da5ac1ae1feccf48c5926b9e3db9"
    integrity sha512-uGr8khxO+CKT4XU8ZUH1TTEUtlktK6Kgtv0+6bIFSeiSlnGJHG1tSFSjm41uQ9sAO/5ULx9mWOz70jYLyv1QkA==
  
  "@rollup/rollup-linux-arm64-musl@4.28.1":
    version "4.28.1"
    resolved "https://registry.openticket.tech/@rollup%2frollup-linux-arm64-musl/-/rollup-linux-arm64-musl-4.28.1.tgz#865baf5b6f5ff67acb32e5a359508828e8dc5788"
    integrity sha512-QF54q8MYGAqMLrX2t7tNpi01nvq5RI59UBNx+3+37zoKX5KViPo/gk2QLhsuqok05sSCRluj0D00LzCwBikb0A==
  
  "@rollup/rollup-linux-loongarch64-gnu@4.28.1":
    version "4.28.1"
    resolved "https://registry.openticket.tech/@rollup%2frollup-linux-loongarch64-gnu/-/rollup-linux-loongarch64-gnu-4.28.1.tgz#23c6609ba0f7fa7a7f2038b6b6a08555a5055a87"
    integrity sha512-vPul4uodvWvLhRco2w0GcyZcdyBfpfDRgNKU+p35AWEbJ/HPs1tOUrkSueVbBS0RQHAf/A+nNtDpvw95PeVKOA==
  
  "@rollup/rollup-linux-powerpc64le-gnu@4.28.1":
    version "4.28.1"
    resolved "https://registry.openticket.tech/@rollup%2frollup-linux-powerpc64le-gnu/-/rollup-linux-powerpc64le-gnu-4.28.1.tgz#652ef0d9334a9f25b9daf85731242801cb0fc41c"
    integrity sha512-pTnTdBuC2+pt1Rmm2SV7JWRqzhYpEILML4PKODqLz+C7Ou2apEV52h19CR7es+u04KlqplggmN9sqZlekg3R1A==
  
  "@rollup/rollup-linux-riscv64-gnu@4.28.1":
    version "4.28.1"
    resolved "https://registry.openticket.tech/@rollup%2frollup-linux-riscv64-gnu/-/rollup-linux-riscv64-gnu-4.28.1.tgz#1eb6651839ee6ebca64d6cc64febbd299e95e6bd"
    integrity sha512-vWXy1Nfg7TPBSuAncfInmAI/WZDd5vOklyLJDdIRKABcZWojNDY0NJwruY2AcnCLnRJKSaBgf/GiJfauu8cQZA==
  
  "@rollup/rollup-linux-s390x-gnu@4.28.1":
    version "4.28.1"
    resolved "https://registry.openticket.tech/@rollup%2frollup-linux-s390x-gnu/-/rollup-linux-s390x-gnu-4.28.1.tgz#015c52293afb3ff2a293cf0936b1d43975c1e9cd"
    integrity sha512-/yqC2Y53oZjb0yz8PVuGOQQNOTwxcizudunl/tFs1aLvObTclTwZ0JhXF2XcPT/zuaymemCDSuuUPXJJyqeDOg==
  
  "@rollup/rollup-linux-x64-gnu@4.28.1":
    version "4.28.1"
    resolved "https://registry.openticket.tech/@rollup%2frollup-linux-x64-gnu/-/rollup-linux-x64-gnu-4.28.1.tgz#b83001b5abed2bcb5e2dbeec6a7e69b194235c1e"
    integrity sha512-fzgeABz7rrAlKYB0y2kSEiURrI0691CSL0+KXwKwhxvj92VULEDQLpBYLHpF49MSiPG4sq5CK3qHMnb9tlCjBw==
  
  "@rollup/rollup-linux-x64-musl@4.28.1":
    version "4.28.1"
    resolved "https://registry.openticket.tech/@rollup%2frollup-linux-x64-musl/-/rollup-linux-x64-musl-4.28.1.tgz#6cc7c84cd4563737f8593e66f33b57d8e228805b"
    integrity sha512-xQTDVzSGiMlSshpJCtudbWyRfLaNiVPXt1WgdWTwWz9n0U12cI2ZVtWe/Jgwyv/6wjL7b66uu61Vg0POWVfz4g==
  
  "@rollup/rollup-win32-arm64-msvc@4.28.1":
    version "4.28.1"
    resolved "https://registry.openticket.tech/@rollup%2frollup-win32-arm64-msvc/-/rollup-win32-arm64-msvc-4.28.1.tgz#631ffeee094d71279fcd1fe8072bdcf25311bc11"
    integrity sha512-wSXmDRVupJstFP7elGMgv+2HqXelQhuNf+IS4V+nUpNVi/GUiBgDmfwD0UGN3pcAnWsgKG3I52wMOBnk1VHr/A==
  
  "@rollup/rollup-win32-ia32-msvc@4.28.1":
    version "4.28.1"
    resolved "https://registry.openticket.tech/@rollup%2frollup-win32-ia32-msvc/-/rollup-win32-ia32-msvc-4.28.1.tgz#06d1d60d5b9f718e8a6c4a43f82e3f9e3254587f"
    integrity sha512-ZkyTJ/9vkgrE/Rk9vhMXhf8l9D+eAhbAVbsGsXKy2ohmJaWg0LPQLnIxRdRp/bKyr8tXuPlXhIoGlEB5XpJnGA==
  
  "@rollup/rollup-win32-x64-msvc@4.28.1":
    version "4.28.1"
    resolved "https://registry.openticket.tech/@rollup%2frollup-win32-x64-msvc/-/rollup-win32-x64-msvc-4.28.1.tgz#4dff5c4259ebe6c5b4a8f2c5bc3829b7a8447ff0"
    integrity sha512-ZvK2jBafvttJjoIdKm/Q/Bh7IJ1Ose9IBOwpOXcOvW3ikGTQGmKDgxTC6oCAzW6PynbkKP8+um1du81XJHZ0JA==
  
  "@types/estree@1.0.6":
    version "1.0.6"
    resolved "https://registry.openticket.tech/@types%2festree/-/estree-1.0.6.tgz#628effeeae2064a1b4e79f78e81d87b7e5fc7b50"
    integrity sha512-AYnb1nQyY49te+VRAVgmzfcgjYS91mY5P0TKUDCLEM+gNnA+3T6rWITXRLYCpahpqSQbN5cE+gHpnPyXjHWxcw==
  
  esbuild@^0.24.0:
    version "0.24.1"
    resolved "https://registry.openticket.tech/esbuild/-/esbuild-0.24.1.tgz#ef19d4bc6347a274e2cee099d8e83beb31e41197"
    integrity sha512-bHNW57YAKNh1VSbXP33EL9DevtRuT10czGhL9ynKpOAeBMNAkzsP8FSNoFTbU3abQB7kOb+JqUc89FqlZNbEeQ==
    optionalDependencies:
      "@esbuild/aix-ppc64" "0.24.1"
      "@esbuild/android-arm" "0.24.1"
      "@esbuild/android-arm64" "0.24.1"
      "@esbuild/android-x64" "0.24.1"
      "@esbuild/darwin-arm64" "0.24.1"
      "@esbuild/darwin-x64" "0.24.1"
      "@esbuild/freebsd-arm64" "0.24.1"
      "@esbuild/freebsd-x64" "0.24.1"
      "@esbuild/linux-arm" "0.24.1"
      "@esbuild/linux-arm64" "0.24.1"
      "@esbuild/linux-ia32" "0.24.1"
      "@esbuild/linux-loong64" "0.24.1"
      "@esbuild/linux-mips64el" "0.24.1"
      "@esbuild/linux-ppc64" "0.24.1"
      "@esbuild/linux-riscv64" "0.24.1"
      "@esbuild/linux-s390x" "0.24.1"
      "@esbuild/linux-x64" "0.24.1"
      "@esbuild/netbsd-arm64" "0.24.1"
      "@esbuild/netbsd-x64" "0.24.1"
      "@esbuild/openbsd-arm64" "0.24.1"
      "@esbuild/openbsd-x64" "0.24.1"
      "@esbuild/sunos-x64" "0.24.1"
      "@esbuild/win32-arm64" "0.24.1"
      "@esbuild/win32-ia32" "0.24.1"
      "@esbuild/win32-x64" "0.24.1"
  
  fsevents@~2.3.2, fsevents@~2.3.3:
    version "2.3.3"
    resolved "https://registry.openticket.tech/fsevents/-/fsevents-2.3.3.tgz#cac6407785d03675a2a5e1a5305c697b347d90d6"
    integrity sha512-5xoDfX+fL7faATnagmWPpbFtwh/R77WmMMqqHGS65C3vvB0YHrgF+B1YmZ3441tMj5n63k0212XNoJwzlhffQw==
  
  nanoid@^3.3.7:
    version "3.3.8"
    resolved "https://registry.openticket.tech/nanoid/-/nanoid-3.3.8.tgz#b1be3030bee36aaff18bacb375e5cce521684baf"
    integrity sha512-WNLf5Sd8oZxOm+TzppcYk8gVOgP+l58xNy58D0nbUnOxOWRWvlcCV4kUF7ltmI6PsrLl/BgKEyS4mqsGChFN0w==
  
  picocolors@^1.1.1:
    version "1.1.1"
    resolved "https://registry.openticket.tech/picocolors/-/picocolors-1.1.1.tgz#3d321af3eab939b083c8f929a1d12cda81c26b6b"
    integrity sha512-xceH2snhtb5M9liqDsmEw56le376mTZkEX/jEb/RxNFyegNul7eNslCXP9FDj/Lcu0X8KEyMceP2ntpaHrDEVA==
  
  postcss@^8.4.49:
    version "8.4.49"
    resolved "https://registry.openticket.tech/postcss/-/postcss-8.4.49.tgz#4ea479048ab059ab3ae61d082190fabfd994fe19"
    integrity sha512-OCVPnIObs4N29kxTjzLfUryOkvZEq+pf8jTF0lg8E7uETuWHA+v7j3c/xJmiqpX450191LlmZfUKkXxkTry7nA==
    dependencies:
      nanoid "^3.3.7"
      picocolors "^1.1.1"
      source-map-js "^1.2.1"
  
  rollup@^4.23.0:
    version "4.28.1"
    resolved "https://registry.openticket.tech/rollup/-/rollup-4.28.1.tgz#7718ba34d62b449dfc49adbfd2f312b4fe0df4de"
    integrity sha512-61fXYl/qNVinKmGSTHAZ6Yy8I3YIJC/r2m9feHo6SwVAVcLT5MPwOUFe7EuURA/4m0NR8lXG4BBXuo/IZEsjMg==
    dependencies:
      "@types/estree" "1.0.6"
    optionalDependencies:
      "@rollup/rollup-android-arm-eabi" "4.28.1"
      "@rollup/rollup-android-arm64" "4.28.1"
      "@rollup/rollup-darwin-arm64" "4.28.1"
      "@rollup/rollup-darwin-x64" "4.28.1"
      "@rollup/rollup-freebsd-arm64" "4.28.1"
      "@rollup/rollup-freebsd-x64" "4.28.1"
      "@rollup/rollup-linux-arm-gnueabihf" "4.28.1"
      "@rollup/rollup-linux-arm-musleabihf" "4.28.1"
      "@rollup/rollup-linux-arm64-gnu" "4.28.1"
      "@rollup/rollup-linux-arm64-musl" "4.28.1"
      "@rollup/rollup-linux-loongarch64-gnu" "4.28.1"
      "@rollup/rollup-linux-powerpc64le-gnu" "4.28.1"
      "@rollup/rollup-linux-riscv64-gnu" "4.28.1"
      "@rollup/rollup-linux-s390x-gnu" "4.28.1"
      "@rollup/rollup-linux-x64-gnu" "4.28.1"
      "@rollup/rollup-linux-x64-musl" "4.28.1"
      "@rollup/rollup-win32-arm64-msvc" "4.28.1"
      "@rollup/rollup-win32-ia32-msvc" "4.28.1"
      "@rollup/rollup-win32-x64-msvc" "4.28.1"
      fsevents "~2.3.2"
  
  source-map-js@^1.2.1:
    version "1.2.1"
    resolved "https://registry.openticket.tech/source-map-js/-/source-map-js-1.2.1.tgz#1ce5650fddd87abc099eda37dcff024c2667ae46"
    integrity sha512-UXWMKhLOwVKb728IUtQPXxfYU+usdybtUrK/8uGE8CQMvrhOpwvzDBwj0QhSL7MQc7vIsISBG8VQ8+IDQxpfQA==
  
  vite@^6.0.3:
    version "6.0.4"
    resolved "https://registry.openticket.tech/vite/-/vite-6.0.4.tgz#fe7cfaedff7c701d5582be5c4ed6a2150538ea9d"
    integrity sha512-zwlH6ar+6o6b4Wp+ydhtIKLrGM/LoqZzcdVmkGAFun0KHTzIzjh+h0kungEx7KJg/PYnC80I4TII9WkjciSR6Q==
    dependencies:
      esbuild "^0.24.0"
      postcss "^8.4.49"
      rollup "^4.23.0"
    optionalDependencies:
      fsevents "~2.3.3"
